{"E:\\PROJETOS\\UNIVERSIDADE DE VASSOURAS\\7 PERIODO\\GESTAO DA MANUTENCAO DE SOFTWARE\\ex1-p1\\GildedRose-Refactoring-Kata-Typescript\\app\\gilded-rose.ts": {"path":"E:\\PROJETOS\\UNIVERSIDADE DE VASSOURAS\\7 PERIODO\\GESTAO DA MANUTENCAO DE SOFTWARE\\ex1-p1\\GildedRose-Refactoring-Kata-Typescript\\app\\gilded-rose.ts","all":false,"statementMap":{"0":{"start":{"line":1,"column":0},"end":{"line":1,"column":30}},"1":{"start":{"line":2,"column":0},"end":{"line":2,"column":9}},"2":{"start":{"line":3,"column":0},"end":{"line":3,"column":28}},"3":{"start":{"line":4,"column":0},"end":{"line":4,"column":27}},"4":{"start":{"line":5,"column":0},"end":{"line":5,"column":27}},"5":{"start":{"line":6,"column":0},"end":{"line":6,"column":27}},"6":{"start":{"line":7,"column":0},"end":{"line":7,"column":26}},"7":{"start":{"line":8,"column":0},"end":{"line":8,"column":0}},"8":{"start":{"line":9,"column":0},"end":{"line":9,"column":25}},"9":{"start":{"line":10,"column":0},"end":{"line":10,"column":16}},"10":{"start":{"line":11,"column":0},"end":{"line":11,"column":0}},"11":{"start":{"line":12,"column":0},"end":{"line":12,"column":37}},"12":{"start":{"line":13,"column":0},"end":{"line":13,"column":25}},"13":{"start":{"line":14,"column":0},"end":{"line":14,"column":3}},"14":{"start":{"line":15,"column":0},"end":{"line":15,"column":0}},"15":{"start":{"line":16,"column":0},"end":{"line":16,"column":19}},"16":{"start":{"line":17,"column":0},"end":{"line":17,"column":4}},"17":{"start":{"line":18,"column":0},"end":{"line":18,"column":40}},"18":{"start":{"line":19,"column":0},"end":{"line":19,"column":6}},"19":{"start":{"line":20,"column":0},"end":{"line":20,"column":26}},"20":{"start":{"line":21,"column":0},"end":{"line":21,"column":27}},"21":{"start":{"line":22,"column":0},"end":{"line":22,"column":48}},"22":{"start":{"line":23,"column":0},"end":{"line":23,"column":16}},"23":{"start":{"line":24,"column":0},"end":{"line":24,"column":9}},"24":{"start":{"line":25,"column":0},"end":{"line":25,"column":26}},"25":{"start":{"line":26,"column":0},"end":{"line":26,"column":48}},"26":{"start":{"line":27,"column":0},"end":{"line":27,"column":16}},"27":{"start":{"line":28,"column":0},"end":{"line":28,"column":9}},"28":{"start":{"line":29,"column":0},"end":{"line":29,"column":26}},"29":{"start":{"line":30,"column":0},"end":{"line":30,"column":48}},"30":{"start":{"line":31,"column":0},"end":{"line":31,"column":16}},"31":{"start":{"line":32,"column":0},"end":{"line":32,"column":9}},"32":{"start":{"line":33,"column":0},"end":{"line":33,"column":18}},"33":{"start":{"line":34,"column":0},"end":{"line":34,"column":50}},"34":{"start":{"line":35,"column":0},"end":{"line":35,"column":9}},"35":{"start":{"line":36,"column":0},"end":{"line":36,"column":7}},"36":{"start":{"line":37,"column":0},"end":{"line":37,"column":0}},"37":{"start":{"line":38,"column":0},"end":{"line":38,"column":7}},"38":{"start":{"line":39,"column":0},"end":{"line":39,"column":0}},"39":{"start":{"line":40,"column":0},"end":{"line":40,"column":3}},"40":{"start":{"line":41,"column":0},"end":{"line":41,"column":1}},"41":{"start":{"line":42,"column":0},"end":{"line":42,"column":0}},"42":{"start":{"line":43,"column":0},"end":{"line":43,"column":0}},"43":{"start":{"line":44,"column":0},"end":{"line":44,"column":9}},"44":{"start":{"line":45,"column":0},"end":{"line":45,"column":0}},"45":{"start":{"line":46,"column":0},"end":{"line":46,"column":43}},"46":{"start":{"line":47,"column":0},"end":{"line":47,"column":51}},"47":{"start":{"line":48,"column":0},"end":{"line":48,"column":43}},"48":{"start":{"line":49,"column":0},"end":{"line":49,"column":0}},"49":{"start":{"line":50,"column":0},"end":{"line":50,"column":35}},"50":{"start":{"line":51,"column":0},"end":{"line":51,"column":21}},"51":{"start":{"line":52,"column":0},"end":{"line":52,"column":3}},"52":{"start":{"line":53,"column":0},"end":{"line":53,"column":0}},"53":{"start":{"line":54,"column":0},"end":{"line":54,"column":41}},"54":{"start":{"line":55,"column":0},"end":{"line":55,"column":0}},"55":{"start":{"line":56,"column":0},"end":{"line":56,"column":19}},"56":{"start":{"line":57,"column":0},"end":{"line":57,"column":40}}},"s":{"0":1,"1":1,"2":1,"3":1,"4":1,"5":1,"6":1,"7":1,"8":1,"9":1,"10":1,"11":1,"12":2,"13":2,"14":1,"15":1,"16":2,"17":2,"18":6,"19":6,"20":6,"21":2,"22":2,"23":2,"24":6,"25":2,"26":2,"27":2,"28":6,"29":0,"30":0,"31":0,"32":6,"33":2,"34":2,"35":6,"36":6,"37":2,"38":2,"39":2,"40":1,"41":1,"42":1,"43":1,"44":1,"45":1,"46":1,"47":1,"48":1,"49":1,"50":1,"51":1,"52":1,"53":1,"54":1,"55":1,"56":1},"branchMap":{"0":{"type":"branch","line":9,"loc":{"start":{"line":9,"column":0},"end":{"line":41,"column":1}},"locations":[{"start":{"line":9,"column":0},"end":{"line":41,"column":1}}]},"1":{"type":"branch","line":12,"loc":{"start":{"line":12,"column":2},"end":{"line":14,"column":3}},"locations":[{"start":{"line":12,"column":2},"end":{"line":14,"column":3}}]},"2":{"type":"branch","line":12,"loc":{"start":{"line":12,"column":14},"end":{"line":12,"column":37}},"locations":[{"start":{"line":12,"column":14},"end":{"line":12,"column":37}}]},"3":{"type":"branch","line":16,"loc":{"start":{"line":16,"column":2},"end":{"line":40,"column":3}},"locations":[{"start":{"line":16,"column":2},"end":{"line":40,"column":3}}]},"4":{"type":"branch","line":18,"loc":{"start":{"line":18,"column":23},"end":{"line":38,"column":5}},"locations":[{"start":{"line":18,"column":23},"end":{"line":38,"column":5}}]},"5":{"type":"branch","line":21,"loc":{"start":{"line":21,"column":8},"end":{"line":24,"column":9}},"locations":[{"start":{"line":21,"column":8},"end":{"line":24,"column":9}}]},"6":{"type":"branch","line":25,"loc":{"start":{"line":25,"column":8},"end":{"line":28,"column":9}},"locations":[{"start":{"line":25,"column":8},"end":{"line":28,"column":9}}]},"7":{"type":"branch","line":29,"loc":{"start":{"line":29,"column":8},"end":{"line":32,"column":9}},"locations":[{"start":{"line":29,"column":8},"end":{"line":32,"column":9}}]},"8":{"type":"branch","line":33,"loc":{"start":{"line":33,"column":8},"end":{"line":35,"column":9}},"locations":[{"start":{"line":33,"column":8},"end":{"line":35,"column":9}}]}},"b":{"0":[1],"1":[2],"2":[0],"3":[2],"4":[6],"5":[2],"6":[2],"7":[0],"8":[2]},"fnMap":{"0":{"name":"GildedRose","decl":{"start":{"line":12,"column":2},"end":{"line":14,"column":3}},"loc":{"start":{"line":12,"column":2},"end":{"line":14,"column":3}},"line":12},"1":{"name":"Object.<anonymous>.GildedRose.updateQuality","decl":{"start":{"line":16,"column":2},"end":{"line":40,"column":3}},"loc":{"start":{"line":16,"column":2},"end":{"line":40,"column":3}},"line":16}},"f":{"0":2,"1":2}}
,"E:\\PROJETOS\\UNIVERSIDADE DE VASSOURAS\\7 PERIODO\\GESTAO DA MANUTENCAO DE SOFTWARE\\ex1-p1\\GildedRose-Refactoring-Kata-Typescript\\app\\item.ts": {"path":"E:\\PROJETOS\\UNIVERSIDADE DE VASSOURAS\\7 PERIODO\\GESTAO DA MANUTENCAO DE SOFTWARE\\ex1-p1\\GildedRose-Refactoring-Kata-Typescript\\app\\item.ts","all":false,"statementMap":{"0":{"start":{"line":1,"column":0},"end":{"line":1,"column":61}},"1":{"start":{"line":2,"column":0},"end":{"line":2,"column":0}},"2":{"start":{"line":3,"column":0},"end":{"line":3,"column":41}},"3":{"start":{"line":4,"column":0},"end":{"line":4,"column":17}},"4":{"start":{"line":5,"column":0},"end":{"line":5,"column":19}},"5":{"start":{"line":6,"column":0},"end":{"line":6,"column":20}},"6":{"start":{"line":7,"column":0},"end":{"line":7,"column":0}},"7":{"start":{"line":8,"column":0},"end":{"line":8,"column":64}},"8":{"start":{"line":9,"column":0},"end":{"line":9,"column":23}},"9":{"start":{"line":10,"column":0},"end":{"line":10,"column":27}},"10":{"start":{"line":11,"column":0},"end":{"line":11,"column":29}},"11":{"start":{"line":12,"column":0},"end":{"line":12,"column":5}},"12":{"start":{"line":13,"column":0},"end":{"line":13,"column":1}}},"s":{"0":1,"1":1,"2":1,"3":1,"4":1,"5":1,"6":1,"7":1,"8":4,"9":4,"10":4,"11":4,"12":1},"branchMap":{"0":{"type":"branch","line":3,"loc":{"start":{"line":3,"column":0},"end":{"line":13,"column":1}},"locations":[{"start":{"line":3,"column":0},"end":{"line":13,"column":1}}]},"1":{"type":"branch","line":8,"loc":{"start":{"line":8,"column":4},"end":{"line":12,"column":5}},"locations":[{"start":{"line":8,"column":4},"end":{"line":12,"column":5}}]}},"b":{"0":[1],"1":[4]},"fnMap":{"0":{"name":"Item","decl":{"start":{"line":8,"column":4},"end":{"line":12,"column":5}},"loc":{"start":{"line":8,"column":4},"end":{"line":12,"column":5}},"line":8}},"f":{"0":4}}
,"E:\\PROJETOS\\UNIVERSIDADE DE VASSOURAS\\7 PERIODO\\GESTAO DA MANUTENCAO DE SOFTWARE\\ex1-p1\\GildedRose-Refactoring-Kata-Typescript\\app\\update-quality.ts": {"path":"E:\\PROJETOS\\UNIVERSIDADE DE VASSOURAS\\7 PERIODO\\GESTAO DA MANUTENCAO DE SOFTWARE\\ex1-p1\\GildedRose-Refactoring-Kata-Typescript\\app\\update-quality.ts","all":false,"statementMap":{"0":{"start":{"line":1,"column":0},"end":{"line":1,"column":29}},"1":{"start":{"line":2,"column":0},"end":{"line":2,"column":0}},"2":{"start":{"line":3,"column":0},"end":{"line":3,"column":23}},"3":{"start":{"line":4,"column":0},"end":{"line":4,"column":22}},"4":{"start":{"line":5,"column":0},"end":{"line":5,"column":0}},"5":{"start":{"line":6,"column":0},"end":{"line":6,"column":57}},"6":{"start":{"line":7,"column":0},"end":{"line":7,"column":57}},"7":{"start":{"line":8,"column":0},"end":{"line":8,"column":0}},"8":{"start":{"line":9,"column":0},"end":{"line":9,"column":79}},"9":{"start":{"line":10,"column":0},"end":{"line":10,"column":84}},"10":{"start":{"line":11,"column":0},"end":{"line":11,"column":0}},"11":{"start":{"line":12,"column":0},"end":{"line":12,"column":64}},"12":{"start":{"line":13,"column":0},"end":{"line":13,"column":41}},"13":{"start":{"line":14,"column":0},"end":{"line":14,"column":75}},"14":{"start":{"line":15,"column":0},"end":{"line":15,"column":19}},"15":{"start":{"line":16,"column":0},"end":{"line":16,"column":0}},"16":{"start":{"line":17,"column":0},"end":{"line":17,"column":14}},"17":{"start":{"line":18,"column":0},"end":{"line":18,"column":1}},"18":{"start":{"line":19,"column":0},"end":{"line":19,"column":0}},"19":{"start":{"line":20,"column":0},"end":{"line":20,"column":54}},"20":{"start":{"line":21,"column":0},"end":{"line":21,"column":41}},"21":{"start":{"line":22,"column":0},"end":{"line":22,"column":61}},"22":{"start":{"line":23,"column":0},"end":{"line":23,"column":60}},"23":{"start":{"line":24,"column":0},"end":{"line":24,"column":0}},"24":{"start":{"line":25,"column":0},"end":{"line":25,"column":17}},"25":{"start":{"line":26,"column":0},"end":{"line":26,"column":1}},"26":{"start":{"line":27,"column":0},"end":{"line":27,"column":0}},"27":{"start":{"line":28,"column":0},"end":{"line":28,"column":62}},"28":{"start":{"line":29,"column":0},"end":{"line":29,"column":72}},"29":{"start":{"line":30,"column":0},"end":{"line":30,"column":19}},"30":{"start":{"line":31,"column":0},"end":{"line":31,"column":0}},"31":{"start":{"line":32,"column":0},"end":{"line":32,"column":14}},"32":{"start":{"line":33,"column":0},"end":{"line":33,"column":1}},"33":{"start":{"line":34,"column":0},"end":{"line":34,"column":0}},"34":{"start":{"line":35,"column":0},"end":{"line":35,"column":63}},"35":{"start":{"line":36,"column":0},"end":{"line":36,"column":20}},"36":{"start":{"line":37,"column":0},"end":{"line":37,"column":0}},"37":{"start":{"line":38,"column":0},"end":{"line":38,"column":14}},"38":{"start":{"line":39,"column":0},"end":{"line":39,"column":1}},"39":{"start":{"line":40,"column":0},"end":{"line":40,"column":0}},"40":{"start":{"line":41,"column":0},"end":{"line":41,"column":63}},"41":{"start":{"line":42,"column":0},"end":{"line":42,"column":26}},"42":{"start":{"line":43,"column":0},"end":{"line":43,"column":22}},"43":{"start":{"line":44,"column":0},"end":{"line":44,"column":10}},"44":{"start":{"line":45,"column":0},"end":{"line":45,"column":34}},"45":{"start":{"line":46,"column":0},"end":{"line":46,"column":35}},"46":{"start":{"line":47,"column":0},"end":{"line":47,"column":3}},"47":{"start":{"line":48,"column":0},"end":{"line":48,"column":0}},"48":{"start":{"line":49,"column":0},"end":{"line":49,"column":19}},"49":{"start":{"line":50,"column":0},"end":{"line":50,"column":0}},"50":{"start":{"line":51,"column":0},"end":{"line":51,"column":14}},"51":{"start":{"line":52,"column":0},"end":{"line":52,"column":1}},"52":{"start":{"line":53,"column":0},"end":{"line":53,"column":0}},"53":{"start":{"line":54,"column":0},"end":{"line":54,"column":49}},"54":{"start":{"line":55,"column":0},"end":{"line":55,"column":45}},"55":{"start":{"line":56,"column":0},"end":{"line":56,"column":79}},"56":{"start":{"line":57,"column":0},"end":{"line":57,"column":2}},"57":{"start":{"line":58,"column":0},"end":{"line":58,"column":14}},"58":{"start":{"line":59,"column":0},"end":{"line":59,"column":1}},"59":{"start":{"line":60,"column":0},"end":{"line":60,"column":0}},"60":{"start":{"line":61,"column":0},"end":{"line":61,"column":64}},"61":{"start":{"line":62,"column":0},"end":{"line":62,"column":33}},"62":{"start":{"line":63,"column":0},"end":{"line":63,"column":19}},"63":{"start":{"line":64,"column":0},"end":{"line":64,"column":0}},"64":{"start":{"line":65,"column":0},"end":{"line":65,"column":14}},"65":{"start":{"line":66,"column":0},"end":{"line":66,"column":1}}},"s":{"0":1,"1":1,"2":1,"3":1,"4":1,"5":1,"6":1,"7":1,"8":1,"9":1,"10":1,"11":1,"12":2,"13":2,"14":2,"15":2,"16":2,"17":2,"18":1,"19":1,"20":0,"21":0,"22":0,"23":0,"24":0,"25":0,"26":1,"27":1,"28":0,"29":0,"30":0,"31":0,"32":0,"33":1,"34":1,"35":0,"36":0,"37":0,"38":0,"39":1,"40":1,"41":2,"42":0,"43":2,"44":2,"45":2,"46":2,"47":2,"48":2,"49":2,"50":2,"51":2,"52":1,"53":1,"54":6,"55":6,"56":6,"57":6,"58":6,"59":1,"60":1,"61":2,"62":2,"63":2,"64":2,"65":2},"branchMap":{"0":{"type":"branch","line":6,"loc":{"start":{"line":6,"column":14},"end":{"line":6,"column":42}},"locations":[{"start":{"line":6,"column":14},"end":{"line":6,"column":42}}]},"1":{"type":"branch","line":7,"loc":{"start":{"line":7,"column":14},"end":{"line":7,"column":42}},"locations":[{"start":{"line":7,"column":14},"end":{"line":7,"column":42}}]},"2":{"type":"branch","line":9,"loc":{"start":{"line":9,"column":19},"end":{"line":9,"column":45}},"locations":[{"start":{"line":9,"column":19},"end":{"line":9,"column":45}}]},"3":{"type":"branch","line":9,"loc":{"start":{"line":9,"column":69},"end":{"line":9,"column":78}},"locations":[{"start":{"line":9,"column":69},"end":{"line":9,"column":78}}]},"4":{"type":"branch","line":10,"loc":{"start":{"line":10,"column":22},"end":{"line":10,"column":48}},"locations":[{"start":{"line":10,"column":22},"end":{"line":10,"column":48}}]},"5":{"type":"branch","line":10,"loc":{"start":{"line":10,"column":72},"end":{"line":10,"column":82}},"locations":[{"start":{"line":10,"column":72},"end":{"line":10,"column":82}}]},"6":{"type":"branch","line":12,"loc":{"start":{"line":12,"column":40},"end":{"line":18,"column":1}},"locations":[{"start":{"line":12,"column":40},"end":{"line":18,"column":1}}]},"7":{"type":"branch","line":14,"loc":{"start":{"line":14,"column":33},"end":{"line":14,"column":59}},"locations":[{"start":{"line":14,"column":33},"end":{"line":14,"column":59}}]},"8":{"type":"branch","line":14,"loc":{"start":{"line":14,"column":60},"end":{"line":14,"column":74}},"locations":[{"start":{"line":14,"column":60},"end":{"line":14,"column":74}}]},"9":{"type":"branch","line":41,"loc":{"start":{"line":41,"column":40},"end":{"line":52,"column":1}},"locations":[{"start":{"line":41,"column":40},"end":{"line":52,"column":1}}]},"10":{"type":"branch","line":42,"loc":{"start":{"line":42,"column":25},"end":{"line":44,"column":9}},"locations":[{"start":{"line":42,"column":25},"end":{"line":44,"column":9}}]},"11":{"type":"branch","line":54,"loc":{"start":{"line":54,"column":26},"end":{"line":59,"column":1}},"locations":[{"start":{"line":54,"column":26},"end":{"line":59,"column":1}}]},"12":{"type":"branch","line":56,"loc":{"start":{"line":56,"column":34},"end":{"line":56,"column":63}},"locations":[{"start":{"line":56,"column":34},"end":{"line":56,"column":63}}]},"13":{"type":"branch","line":56,"loc":{"start":{"line":56,"column":64},"end":{"line":56,"column":78}},"locations":[{"start":{"line":56,"column":64},"end":{"line":56,"column":78}}]},"14":{"type":"branch","line":61,"loc":{"start":{"line":61,"column":40},"end":{"line":66,"column":1}},"locations":[{"start":{"line":61,"column":40},"end":{"line":66,"column":1}}]}},"b":{"0":[3],"1":[8],"2":[3],"3":[0],"4":[8],"5":[0],"6":[2],"7":[1],"8":[1],"9":[2],"10":[0],"11":[6],"12":[2],"13":[4],"14":[2]},"fnMap":{"0":{"name":"isMax","decl":{"start":{"line":6,"column":14},"end":{"line":6,"column":42}},"loc":{"start":{"line":6,"column":14},"end":{"line":6,"column":42}},"line":6},"1":{"name":"isMin","decl":{"start":{"line":7,"column":14},"end":{"line":7,"column":42}},"loc":{"start":{"line":7,"column":14},"end":{"line":7,"column":42}},"line":7},"2":{"name":"addQuality","decl":{"start":{"line":9,"column":19},"end":{"line":9,"column":45}},"loc":{"start":{"line":9,"column":19},"end":{"line":9,"column":45}},"line":9},"3":{"name":"removeQuality","decl":{"start":{"line":10,"column":22},"end":{"line":10,"column":48}},"loc":{"start":{"line":10,"column":22},"end":{"line":10,"column":48}},"line":10},"4":{"name":"updateQualityForAgedBrie","decl":{"start":{"line":12,"column":40},"end":{"line":18,"column":1}},"loc":{"start":{"line":12,"column":40},"end":{"line":18,"column":1}},"line":12},"5":{"name":"addQualityForConcert","decl":{"start":{"line":20,"column":29},"end":{"line":26,"column":1}},"loc":{"start":{"line":20,"column":29},"end":{"line":26,"column":1}},"line":20},"6":{"name":"updateQualityForConcert","decl":{"start":{"line":28,"column":39},"end":{"line":33,"column":1}},"loc":{"start":{"line":28,"column":39},"end":{"line":33,"column":1}},"line":28},"7":{"name":"updateQualityForSulfuras","decl":{"start":{"line":35,"column":40},"end":{"line":39,"column":1}},"loc":{"start":{"line":35,"column":40},"end":{"line":39,"column":1}},"line":35},"8":{"name":"updateQualityForConjured","decl":{"start":{"line":41,"column":40},"end":{"line":52,"column":1}},"loc":{"start":{"line":41,"column":40},"end":{"line":52,"column":1}},"line":41},"9":{"name":"updateQualityItem","decl":{"start":{"line":54,"column":26},"end":{"line":59,"column":1}},"loc":{"start":{"line":54,"column":26},"end":{"line":59,"column":1}},"line":54},"10":{"name":"updateQualityDefaultItem","decl":{"start":{"line":61,"column":40},"end":{"line":66,"column":1}},"loc":{"start":{"line":61,"column":40},"end":{"line":66,"column":1}},"line":61}},"f":{"0":3,"1":8,"2":3,"3":8,"4":2,"5":0,"6":0,"7":0,"8":2,"9":6,"10":2}}
}
