TN:
SF:app\gilded-rose.ts
FN:12,GildedRose
FN:16,Object.<anonymous>.GildedRose.updateQuality
FNF:2
FNH:2
FNDA:2,GildedRose
FNDA:2,Object.<anonymous>.GildedRose.updateQuality
DA:1,1
DA:2,1
DA:3,1
DA:4,1
DA:5,1
DA:6,1
DA:7,1
DA:8,1
DA:9,1
DA:10,1
DA:11,1
DA:12,1
DA:13,2
DA:14,2
DA:15,1
DA:16,1
DA:17,2
DA:18,2
DA:19,6
DA:20,6
DA:21,6
DA:22,2
DA:23,2
DA:24,2
DA:25,6
DA:26,2
DA:27,2
DA:28,2
DA:29,6
DA:30,0
DA:31,0
DA:32,0
DA:33,6
DA:34,2
DA:35,2
DA:36,6
DA:37,6
DA:38,2
DA:39,2
DA:40,2
DA:41,1
DA:42,1
DA:43,1
DA:44,1
DA:45,1
DA:46,1
DA:47,1
DA:48,1
DA:49,1
DA:50,1
DA:51,1
DA:52,1
DA:53,1
DA:54,1
DA:55,1
DA:56,1
DA:57,1
LF:57
LH:54
BRDA:9,0,0,1
BRDA:12,1,0,2
BRDA:12,2,0,0
BRDA:16,3,0,2
BRDA:18,4,0,6
BRDA:21,5,0,2
BRDA:25,6,0,2
BRDA:29,7,0,0
BRDA:33,8,0,2
BRF:9
BRH:7
end_of_record
TN:
SF:app\item.ts
FN:8,Item
FNF:1
FNH:1
FNDA:4,Item
DA:1,1
DA:2,1
DA:3,1
DA:4,1
DA:5,1
DA:6,1
DA:7,1
DA:8,1
DA:9,4
DA:10,4
DA:11,4
DA:12,4
DA:13,1
LF:13
LH:13
BRDA:3,0,0,1
BRDA:8,1,0,4
BRF:2
BRH:2
end_of_record
TN:
SF:app\update-quality.ts
FN:6,isMax
FN:7,isMin
FN:9,addQuality
FN:10,removeQuality
FN:12,updateQualityForAgedBrie
FN:20,addQualityForConcert
FN:28,updateQualityForConcert
FN:35,updateQualityForSulfuras
FN:41,updateQualityForConjured
FN:54,updateQualityItem
FN:61,updateQualityDefaultItem
FNF:11
FNH:8
FNDA:3,isMax
FNDA:8,isMin
FNDA:3,addQuality
FNDA:8,removeQuality
FNDA:2,updateQualityForAgedBrie
FNDA:0,addQualityForConcert
FNDA:0,updateQualityForConcert
FNDA:0,updateQualityForSulfuras
FNDA:2,updateQualityForConjured
FNDA:6,updateQualityItem
FNDA:2,updateQualityDefaultItem
DA:1,1
DA:2,1
DA:3,1
DA:4,1
DA:5,1
DA:6,1
DA:7,1
DA:8,1
DA:9,1
DA:10,1
DA:11,1
DA:12,1
DA:13,2
DA:14,2
DA:15,2
DA:16,2
DA:17,2
DA:18,2
DA:19,1
DA:20,1
DA:21,0
DA:22,0
DA:23,0
DA:24,0
DA:25,0
DA:26,0
DA:27,1
DA:28,1
DA:29,0
DA:30,0
DA:31,0
DA:32,0
DA:33,0
DA:34,1
DA:35,1
DA:36,0
DA:37,0
DA:38,0
DA:39,0
DA:40,1
DA:41,1
DA:42,2
DA:43,0
DA:44,2
DA:45,2
DA:46,2
DA:47,2
DA:48,2
DA:49,2
DA:50,2
DA:51,2
DA:52,2
DA:53,1
DA:54,1
DA:55,6
DA:56,6
DA:57,6
DA:58,6
DA:59,6
DA:60,1
DA:61,1
DA:62,2
DA:63,2
DA:64,2
DA:65,2
DA:66,2
LF:66
LH:50
BRDA:6,0,0,3
BRDA:7,1,0,8
BRDA:9,2,0,3
BRDA:9,3,0,0
BRDA:10,4,0,8
BRDA:10,5,0,0
BRDA:12,6,0,2
BRDA:14,7,0,1
BRDA:14,8,0,1
BRDA:41,9,0,2
BRDA:42,10,0,0
BRDA:54,11,0,6
BRDA:56,12,0,2
BRDA:56,13,0,4
BRDA:61,14,0,2
BRF:15
BRH:12
end_of_record
